<?xml version="1.0" encoding="UTF-8"?>
<!-- Generated by org.testng.reporters.JUnitReportReporter -->
<testsuite hostname="LAPTOP-VBM2436K" failures="0" tests="9" name="TestCases" time="56.816" errors="0" timestamp="2024-05-08T12:54:31 IST" skipped="0">
  <testcase classname="TestCases" name="testCase9" time="0.305"/>
  <testcase classname="TestCases" name="testCase6" time="4.111"/>
  <testcase classname="TestCases" name="testCase2" time="6.936"/>
  <testcase classname="TestCases" name="testCase7" time="6.257"/>
  <testcase classname="TestCases" name="testCase3" time="17.906"/>
  <testcase classname="TestCases" name="testCase5" time="8.843"/>
  <testcase classname="TestCases" name="testCase8" time="4.144"/>
  <testcase classname="TestCases" name="testCase1" time="4.085"/>
  <testcase classname="TestCases" name="testCase4" time="4.229"/>
</testsuite> <!-- TestCases -->
